Arguments: 
  E:\Users\downloads\node.exe C:\Users\navgrahe computer\AppData\Roaming\npm\node_modules\yarn\bin\yarn.js add cors express mongoose nodemon

PATH: 
  E:\downloads\Git\bin;E:\downloads\Git\cmd;"C:\Program Files\Git\bin\;C:\Program Files\Git\cmd\";E:\Users\downloads\;C:\Users\navgrahe computer\AppData\Local\Microsoft\WindowsApps;C:\Users\navgrahe computer\AppData\Local\Programs\Microsoft VS Code\bin;"E:\downloads\Git\bin;E:\downloads\Git\cmd";C:\Users\navgrahe computer\AppData\Roaming\npm

Yarn version: 
  1.22.19

Node version: 
  18.12.1

Platform: 
  win32 x64

Trace: 
  Error: connect ETIMEDOUT 2606:4700:8393:80e2:e4c5:0:6810:1023:443
      at TCPConnectWrap.afterConnect [as oncomplete] (node:net:1300:16)

npm manifest: 
  {
    "name": "index",
    "version": "1.0.0",
    "description": "",
    "main": "index.js",
    "scripts": {
      "test": "echo \"Error: no test specified\" && exit 1"
    },
    "author": "mayank",
    "license": "ISC"
  }

yarn manifest: 
  No manifest

Lockfile: 
  No lockfile
